<?xml version="1.0" encoding="UTF-8"?>
<!-- Generated by org.testng.reporters.JUnitReportReporter -->
<testsuite hostname="MSI" failures="0" tests="1" name="com.herokuapp.restfulbooker.DeleteBookingTests" time="4.102" errors="0" timestamp="20 oct. 2020 18:49:45 GMT" skipped="0">
  <testcase classname="com.herokuapp.restfulbooker.DeleteBookingTests" name="deleteBookingTest" time="4.102"/>
</testsuite> <!-- com.herokuapp.restfulbooker.DeleteBookingTests -->
