<?xml version="1.0" encoding="UTF-8"?>
<!-- Generated by org.testng.reporters.JUnitReportReporter -->
<testsuite hostname="MSI" failures="0" tests="1" name="com.herokuapp.restfulbooker.PartialUpdateBookingTests" time="4.752" errors="0" timestamp="19 oct. 2020 21:14:57 GMT" skipped="0">
  <testcase classname="com.herokuapp.restfulbooker.PartialUpdateBookingTests" name="partialUpdateBookingTest" time="4.752"/>
</testsuite> <!-- com.herokuapp.restfulbooker.PartialUpdateBookingTests -->
