<?xml version="1.0" encoding="UTF-8"?>
<!-- Generated by org.testng.reporters.JUnitReportReporter -->
<testsuite hostname="MSI" failures="0" tests="1" name="com.herokuapp.restfulbooker.HealthCheckTest" time="2.109" errors="0" timestamp="11 oct. 2020 15:25:32 GMT" skipped="0">
  <testcase classname="com.herokuapp.restfulbooker.HealthCheckTest" name="healthCheckTest" time="2.109"/>
</testsuite> <!-- com.herokuapp.restfulbooker.HealthCheckTest -->
