<?xml version="1.0" encoding="UTF-8"?>
<!-- Generated by org.testng.reporters.JUnitReportReporter -->
<testsuite hostname="MSI" failures="0" tests="1" name="com.herokuapp.restfulbooker.getBookingTest" time="3.040" errors="0" timestamp="11 oct. 2020 19:34:51 GMT" skipped="0">
  <testcase classname="com.herokuapp.restfulbooker.getBookingTest" name="getBooking" time="3.040"/>
</testsuite> <!-- com.herokuapp.restfulbooker.getBookingTest -->
