<?xml version="1.0" encoding="UTF-8"?>
<!-- Generated by org.testng.reporters.JUnitReportReporter -->
<testsuite hostname="MSI" failures="0" tests="1" name="com.herokuapp.restfulbooker.UpdateBookingTests" time="3.497" errors="0" timestamp="20 oct. 2020 18:50:05 GMT" skipped="0">
  <testcase classname="com.herokuapp.restfulbooker.UpdateBookingTests" name="updateBookingTest" time="3.497"/>
</testsuite> <!-- com.herokuapp.restfulbooker.UpdateBookingTests -->
