<?xml version="1.0" encoding="UTF-8"?>
<!-- Generated by org.testng.reporters.JUnitReportReporter -->
<testsuite hostname="MSI" failures="0" tests="1" name="com.herokuapp.restfulbooker.CreateBookingTests" time="2.605" errors="0" timestamp="21 oct. 2020 09:35:40 GMT" skipped="0">
  <testcase classname="com.herokuapp.restfulbooker.CreateBookingTests" name="createBookingWithPOJOTest" time="2.605"/>
</testsuite> <!-- com.herokuapp.restfulbooker.CreateBookingTests -->
