<?xml version="1.0" encoding="UTF-8"?>
<!-- Generated by org.testng.reporters.JUnitReportReporter -->
<testsuite hostname="MSI" failures="0" tests="1" name="com.herokuapp.restfulbooker.HealthCheckTest" time="2.140" errors="0" timestamp="20 oct. 2020 21:17:05 GMT" skipped="0">
  <testcase classname="com.herokuapp.restfulbooker.HealthCheckTest" name="headerAndCookiesTest" time="2.140"/>
</testsuite> <!-- com.herokuapp.restfulbooker.HealthCheckTest -->
