<?xml version="1.0" encoding="UTF-8"?>
<!-- Generated by org.testng.reporters.JUnitReportReporter -->
<testsuite hostname="MSI" failures="0" tests="1" name="com.herokuapp.restfulbooker.getBookingTest" time="4.702" errors="0" timestamp="21 oct. 2020 07:19:43 GMT" skipped="0">
  <testcase classname="com.herokuapp.restfulbooker.getBookingTest" name="getBookingXml" time="4.702"/>
</testsuite> <!-- com.herokuapp.restfulbooker.getBookingTest -->
