<?xml version="1.0" encoding="UTF-8"?>
<!-- Generated by org.testng.reporters.JUnitReportReporter -->
<testsuite hostname="MSI" failures="0" tests="1" name="com.herokuapp.restfulbooker.GetBookingIdsTests" time="2.693" errors="0" timestamp="20 oct. 2020 20:34:55 GMT" skipped="0">
  <testcase classname="com.herokuapp.restfulbooker.GetBookingIdsTests" name="getBookingIdsWithFilterTest" time="2.693"/>
</testsuite> <!-- com.herokuapp.restfulbooker.GetBookingIdsTests -->
