<?xml version="1.0" encoding="UTF-8"?>
<!-- Generated by org.testng.reporters.JUnitReportReporter -->
<testsuite hostname="MSI" failures="0" tests="1" name="com.herokuapp.restfulbooker.GetBookingIdsTests" time="3.978" errors="0" timestamp="11 oct. 2020 17:39:47 GMT" skipped="0">
  <testcase classname="com.herokuapp.restfulbooker.GetBookingIdsTests" name="getBookingIdsWithoutFilterTest" time="3.978"/>
</testsuite> <!-- com.herokuapp.restfulbooker.GetBookingIdsTests -->
